La génération a démarré 14/04/2015 16:39:06.
     1>Projet "H:\composant7\composant7\composant7\composant7.vcxproj" sur le nœud 2 (build cible(s)).
     1>InitializeBuildStatus:
         Mise à jour de l'horodatage "Debug\composant7.unsuccessfulbuild".
       ClCompile:
         c:\Program Files (x86)\Microsoft Visual Studio 10.0\VC\bin\CL.exe /c /ZI /nologo /W3 /WX- /Od /Oy- /D WIN32 /D _DEBUG /D _WINDOWS /D _USRDLL /D COMPOSANT7_EXPORTS /D _WINDLL /D _UNICODE /D UNICODE /Gm /EHsc /RTC1 /MDd /GS /fp:precise /Zc:wchar_t /Zc:forScope /Yc"StdAfx.h" /Fp"Debug\composant7.pch" /Fo"Debug\\" /Fd"Debug\vc100.pdb" /Gd /TP /analyze- /errorReport:prompt stdafx.cpp
         stdafx.cpp
         c:\Program Files (x86)\Microsoft Visual Studio 10.0\VC\bin\CL.exe /c /ZI /nologo /W3 /WX- /Od /Oy- /D WIN32 /D _DEBUG /D _WINDOWS /D _USRDLL /D COMPOSANT7_EXPORTS /D _WINDLL /D _UNICODE /D UNICODE /Gm /EHsc /RTC1 /MDd /GS /fp:precise /Zc:wchar_t /Zc:forScope /Yu"StdAfx.h" /Fp"Debug\composant7.pch" /Fo"Debug\\" /Fd"Debug\vc100.pdb" /Gd /TP /analyze- /errorReport:prompt composant7.cpp Payoff.cpp
         Payoff.cpp
         composant7.cpp
         Génération de code en cours...
     1>h:\composant7\composant7\composant7\composant7.cpp(29): warning C4715: 'pricePath' : les chemins de contrôle ne retournent pas tous une valeur
         c:\Program Files (x86)\Microsoft Visual Studio 10.0\VC\bin\CL.exe /c /ZI /nologo /W3 /WX- /Od /Oy- /D WIN32 /D _DEBUG /D _WINDOWS /D _USRDLL /D COMPOSANT7_EXPORTS /D _WINDLL /D _UNICODE /D UNICODE /Gm /EHsc /RTC1 /MDd /GS /fp:precise /Zc:wchar_t /Zc:forScope /Fo"Debug\\" /Fd"Debug\vc100.pdb" /Gd /TP /analyze- /errorReport:prompt dllmain.cpp
         dllmain.cpp
       ManifestResourceCompile:
         C:\Program Files (x86)\Microsoft SDKs\Windows\v7.0A\bin\rc.exe /nologo /fo"Debug\composant7.dll.embed.manifest.res" Debug\composant7_manifest.rc 
       Link:
         c:\Program Files (x86)\Microsoft Visual Studio 10.0\VC\bin\link.exe /ERRORREPORT:PROMPT /OUT:"H:\composant7\composant7\Debug\composant7.dll" /INCREMENTAL /NOLOGO kernel32.lib user32.lib gdi32.lib winspool.lib comdlg32.lib advapi32.lib shell32.lib ole32.lib oleaut32.lib uuid.lib odbc32.lib odbccp32.lib /MANIFEST /ManifestFile:"Debug\composant7.dll.intermediate.manifest" /MANIFESTUAC:"level='asInvoker' uiAccess='false'" /DEBUG /PDB:"H:\composant7\composant7\Debug\composant7.pdb" /SUBSYSTEM:WINDOWS /TLBID:1 /DYNAMICBASE /NXCOMPAT /IMPLIB:"H:\composant7\composant7\Debug\composant7.lib" /MACHINE:X86 /DLL Debug\composant7.dll.embed.manifest.res
         Debug\composant7.obj
         Debug\dllmain.obj
         Debug\Payoff.obj
         Debug\stdafx.obj
            Création de la bibliothèque H:\composant7\composant7\Debug\composant7.lib et de l'objet H:\composant7\composant7\Debug\composant7.exp
       Manifest:
         C:\Program Files (x86)\Microsoft SDKs\Windows\v7.0A\bin\mt.exe /nologo /verbose /out:"Debug\composant7.dll.embed.manifest" /manifest Debug\composant7.dll.intermediate.manifest
         C:\Program Files (x86)\Microsoft SDKs\Windows\v7.0A\bin\rc.exe /nologo /fo"Debug\composant7.dll.embed.manifest.res" Debug\composant7_manifest.rc 
       LinkEmbedManifest:
         c:\Program Files (x86)\Microsoft Visual Studio 10.0\VC\bin\link.exe /ERRORREPORT:PROMPT /OUT:"H:\composant7\composant7\Debug\composant7.dll" /INCREMENTAL /NOLOGO kernel32.lib user32.lib gdi32.lib winspool.lib comdlg32.lib advapi32.lib shell32.lib ole32.lib oleaut32.lib uuid.lib odbc32.lib odbccp32.lib /MANIFEST /ManifestFile:"Debug\composant7.dll.intermediate.manifest" /MANIFESTUAC:"level='asInvoker' uiAccess='false'" /DEBUG /PDB:"H:\composant7\composant7\Debug\composant7.pdb" /SUBSYSTEM:WINDOWS /TLBID:1 /DYNAMICBASE /NXCOMPAT /IMPLIB:"H:\composant7\composant7\Debug\composant7.lib" /MACHINE:X86 /DLL Debug\composant7.dll.embed.manifest.res
         Debug\composant7.obj
         Debug\dllmain.obj
         Debug\Payoff.obj
         Debug\stdafx.obj
            Création de la bibliothèque H:\composant7\composant7\Debug\composant7.lib et de l'objet H:\composant7\composant7\Debug\composant7.exp
         composant7.vcxproj -> H:\composant7\composant7\Debug\composant7.dll
       FinalizeBuildStatus:
         Suppression du fichier "Debug\composant7.unsuccessfulbuild".
         Mise à jour de l'horodatage "Debug\composant7.lastbuildstate".
     1>Génération du projet "H:\composant7\composant7\composant7\composant7.vcxproj" terminée (build cible(s)).

La génération a réussi.

Temps écoulé 00:00:13.68
