La génération a démarré 21/05/2015 15:40:25.
     1>Projet "C:\Users\lambda\Desktop\Composant7\composant7\composant7.vcxproj" sur le nœud 2 (build cible(s)).
     1>PrepareForBuild:
         Création du répertoire "C:\Users\lambda\Desktop\Composant7\x64\Debug\".
       InitializeBuildStatus:
         Création de "x64\Debug\composant7.unsuccessfulbuild", car "AlwaysCreate" a été spécifié.
       ClCompile:
         c:\Program Files (x86)\Microsoft Visual Studio 10.0\VC\bin\x86_amd64\CL.exe /c /Zi /nologo /W3 /WX- /Od /D WIN32 /D _DEBUG /D _WINDOWS /D _USRDLL /D COMPOSANT7_EXPORTS /D _WINDLL /D _UNICODE /D UNICODE /Gm /EHsc /RTC1 /MDd /GS /fp:precise /Zc:wchar_t /Zc:forScope /Yc"StdAfx.h" /Fp"x64\Debug\composant7.pch" /Fo"x64\Debug\\" /Fd"x64\Debug\vc100.pdb" /Gd /TP /errorReport:prompt stdafx.cpp
         stdafx.cpp
         c:\Program Files (x86)\Microsoft Visual Studio 10.0\VC\bin\x86_amd64\CL.exe /c /Zi /nologo /W3 /WX- /Od /D WIN32 /D _DEBUG /D _WINDOWS /D _USRDLL /D COMPOSANT7_EXPORTS /D _WINDLL /D _UNICODE /D UNICODE /Gm /EHsc /RTC1 /MDd /GS /fp:precise /Zc:wchar_t /Zc:forScope /Yu"StdAfx.h" /Fp"x64\Debug\composant7.pch" /Fo"x64\Debug\\" /Fd"x64\Debug\vc100.pdb" /Gd /TP /errorReport:prompt composant7.cpp Payoff.cpp
         Payoff.cpp
         composant7.cpp
         Generating Code...
     1>c:\users\lambda\desktop\composant7\composant7\composant7.cpp(29): warning C4715: 'pricePath' : les chemins de contrôle ne retournent pas tous une valeur
         c:\Program Files (x86)\Microsoft Visual Studio 10.0\VC\bin\x86_amd64\CL.exe /c /Zi /nologo /W3 /WX- /Od /D WIN32 /D _DEBUG /D _WINDOWS /D _USRDLL /D COMPOSANT7_EXPORTS /D _WINDLL /D _UNICODE /D UNICODE /Gm /EHsc /RTC1 /MDd /GS /fp:precise /Zc:wchar_t /Zc:forScope /Fo"x64\Debug\\" /Fd"x64\Debug\vc100.pdb" /Gd /TP /errorReport:prompt dllmain.cpp
         dllmain.cpp
       ManifestResourceCompile:
         C:\Program Files (x86)\Microsoft SDKs\Windows\v7.0A\bin\rc.exe /nologo /fo"x64\Debug\composant7.dll.embed.manifest.res" x64\Debug\composant7_manifest.rc 
       Link:
         c:\Program Files (x86)\Microsoft Visual Studio 10.0\VC\bin\x86_amd64\link.exe /ERRORREPORT:PROMPT /OUT:"C:\Users\lambda\Desktop\Composant7\x64\Debug\composant7.dll" /INCREMENTAL /NOLOGO kernel32.lib user32.lib gdi32.lib winspool.lib comdlg32.lib advapi32.lib shell32.lib ole32.lib oleaut32.lib uuid.lib odbc32.lib odbccp32.lib /MANIFEST /ManifestFile:"x64\Debug\composant7.dll.intermediate.manifest" /MANIFESTUAC:"level='asInvoker' uiAccess='false'" /DEBUG /PDB:"C:\Users\lambda\Desktop\Composant7\x64\Debug\composant7.pdb" /SUBSYSTEM:WINDOWS /TLBID:1 /DYNAMICBASE /NXCOMPAT /IMPLIB:"C:\Users\lambda\Desktop\Composant7\x64\Debug\composant7.lib" /MACHINE:X64 /DLL x64\Debug\composant7.dll.embed.manifest.res
         x64\Debug\composant7.obj
         x64\Debug\dllmain.obj
         x64\Debug\Payoff.obj
         x64\Debug\stdafx.obj
            Création de la bibliothèque C:\Users\lambda\Desktop\Composant7\x64\Debug\composant7.lib et de l'objet C:\Users\lambda\Desktop\Composant7\x64\Debug\composant7.exp
         composant7.vcxproj -> C:\Users\lambda\Desktop\Composant7\x64\Debug\composant7.dll
       Manifest:
         C:\Program Files (x86)\Microsoft SDKs\Windows\v7.0A\bin\mt.exe /nologo /verbose /out:"x64\Debug\composant7.dll.embed.manifest" /manifest x64\Debug\composant7.dll.intermediate.manifest
         C:\Program Files (x86)\Microsoft SDKs\Windows\v7.0A\bin\rc.exe /nologo /fo"x64\Debug\composant7.dll.embed.manifest.res" x64\Debug\composant7_manifest.rc 
       LinkEmbedManifest:
         c:\Program Files (x86)\Microsoft Visual Studio 10.0\VC\bin\x86_amd64\link.exe /ERRORREPORT:PROMPT /OUT:"C:\Users\lambda\Desktop\Composant7\x64\Debug\composant7.dll" /INCREMENTAL /NOLOGO kernel32.lib user32.lib gdi32.lib winspool.lib comdlg32.lib advapi32.lib shell32.lib ole32.lib oleaut32.lib uuid.lib odbc32.lib odbccp32.lib /MANIFEST /ManifestFile:"x64\Debug\composant7.dll.intermediate.manifest" /MANIFESTUAC:"level='asInvoker' uiAccess='false'" /DEBUG /PDB:"C:\Users\lambda\Desktop\Composant7\x64\Debug\composant7.pdb" /SUBSYSTEM:WINDOWS /TLBID:1 /DYNAMICBASE /NXCOMPAT /IMPLIB:"C:\Users\lambda\Desktop\Composant7\x64\Debug\composant7.lib" /MACHINE:X64 /DLL x64\Debug\composant7.dll.embed.manifest.res
         x64\Debug\composant7.obj
         x64\Debug\dllmain.obj
         x64\Debug\Payoff.obj
         x64\Debug\stdafx.obj
            Création de la bibliothèque C:\Users\lambda\Desktop\Composant7\x64\Debug\composant7.lib et de l'objet C:\Users\lambda\Desktop\Composant7\x64\Debug\composant7.exp
         composant7.vcxproj -> C:\Users\lambda\Desktop\Composant7\x64\Debug\composant7.dll
       FinalizeBuildStatus:
         Suppression du fichier "x64\Debug\composant7.unsuccessfulbuild".
         Mise à jour de l'horodatage "x64\Debug\composant7.lastbuildstate".
     1>Génération du projet "C:\Users\lambda\Desktop\Composant7\composant7\composant7.vcxproj" terminée (build cible(s)).

La génération a réussi.

Temps écoulé 00:00:05.86
